<?xml version="1.0" encoding="UTF-8"?>
<!-- Generated by org.testng.reporters.JUnitReportReporter -->
<testsuite hostname="LAPTOP-9E4C2GM4" name="org.cts.TestNGProject.A" tests="3" failures="0" timestamp="22 Sep 2019 09:29:56 GMT" time="0.009" errors="0">
  <testcase name="tc3" time="0.000" classname="org.cts.TestNGProject.A"/>
  <testcase name="tc2" time="0.008" classname="org.cts.TestNGProject.A"/>
  <testcase name="tc5" time="0.001" classname="org.cts.TestNGProject.A"/>
</testsuite> <!-- org.cts.TestNGProject.A -->
